[  0%] Built target _mobile_manipulator_msgs_generate_messages_check_deps_MobileManipulator
[  0%] Built target _mobile_manipulator_msgs_generate_messages_check_deps_PositionData
[  0%] Built target _mobile_manipulator_msgs_generate_messages_check_deps_JointData
[  0%] Built target _mobile_manipulator_msgs_generate_messages_check_deps_Trajectory
[  0%] Built target std_msgs_generate_messages_lisp
[  0%] Built target _mobile_manipulator_msgs_generate_messages_check_deps_Joints
[  0%] Built target _mobile_manipulator_msgs_generate_messages_check_deps_RPY
[  0%] Built target _mobile_manipulator_msgs_generate_messages_check_deps_SingularValues
[  0%] Built target geometry_msgs_generate_messages_lisp
[  0%] Built target geometry_msgs_generate_messages_py
[  0%] Built target _mobile_manipulator_msgs_generate_messages_check_deps_Torques
[  0%] Built target _mobile_manipulator_msgs_generate_messages_check_deps_Vector3
[  0%] Built target _mobile_manipulator_msgs_generate_messages_check_deps_OrientationData
[  0%] Built target std_msgs_generate_messages_py
[  0%] Built target geometry_msgs_generate_messages_nodejs
[  0%] Built target std_msgs_generate_messages_eus
[  0%] Built target std_msgs_generate_messages_nodejs
[  0%] Built target geometry_msgs_generate_messages_eus
[  0%] Built target geometry_msgs_generate_messages_cpp
[  0%] Built target std_msgs_generate_messages_cpp
[ 69%] Built target mobile_manipulator_msgs_generate_messages_nodejs
[ 69%] Built target mobile_manipulator_msgs_generate_messages_eus
[ 78%] Built target mobile_manipulator_msgs_generate_messages_lisp
[ 80%] Built target mobile_manipulator_msgs_generate_messages_py
[100%] Built target mobile_manipulator_msgs_generate_messages_cpp
[100%] Built target mobile_manipulator_msgs_generate_messages
