[35m[1mScanning dependencies of target _mobile_manipulator_msgs_generate_messages_check_deps_PositionData[0m
[35m[1mScanning dependencies of target _mobile_manipulator_msgs_generate_messages_check_deps_Trajectory[0m
[  0%] Built target _mobile_manipulator_msgs_generate_messages_check_deps_Trajectory
[  0%] Built target _mobile_manipulator_msgs_generate_messages_check_deps_PositionData
[35m[1mScanning dependencies of target _mobile_manipulator_msgs_generate_messages_check_deps_JointData[0m
[35m[1mScanning dependencies of target _mobile_manipulator_msgs_generate_messages_check_deps_MobileManipulator[0m
[  0%] Built target _mobile_manipulator_msgs_generate_messages_check_deps_JointData
[  0%] Built target _mobile_manipulator_msgs_generate_messages_check_deps_MobileManipulator
[35m[1mScanning dependencies of target _mobile_manipulator_msgs_generate_messages_check_deps_SingularValues[0m
[35m[1mScanning dependencies of target std_msgs_generate_messages_lisp[0m
[  0%] Built target std_msgs_generate_messages_lisp
[  0%] Built target _mobile_manipulator_msgs_generate_messages_check_deps_SingularValues
[35m[1mScanning dependencies of target _mobile_manipulator_msgs_generate_messages_check_deps_RPY[0m
[35m[1mScanning dependencies of target _mobile_manipulator_msgs_generate_messages_check_deps_Joints[0m
[  0%] Built target _mobile_manipulator_msgs_generate_messages_check_deps_RPY
[  0%] Built target _mobile_manipulator_msgs_generate_messages_check_deps_Joints
[35m[1mScanning dependencies of target geometry_msgs_generate_messages_lisp[0m
[35m[1mScanning dependencies of target _mobile_manipulator_msgs_generate_messages_check_deps_Torques[0m
[  0%] Built target geometry_msgs_generate_messages_lisp
[35m[1mScanning dependencies of target _mobile_manipulator_msgs_generate_messages_check_deps_Vector3[0m
[  0%] Built target _mobile_manipulator_msgs_generate_messages_check_deps_Torques
[  0%] Built target _mobile_manipulator_msgs_generate_messages_check_deps_Vector3
[35m[1mScanning dependencies of target _mobile_manipulator_msgs_generate_messages_check_deps_OrientationData[0m
[35m[1mScanning dependencies of target geometry_msgs_generate_messages_py[0m
[  0%] Built target geometry_msgs_generate_messages_py
[35m[1mScanning dependencies of target std_msgs_generate_messages_py[0m
[  0%] Built target _mobile_manipulator_msgs_generate_messages_check_deps_OrientationData
[  0%] Built target std_msgs_generate_messages_py
[35m[1mScanning dependencies of target geometry_msgs_generate_messages_nodejs[0m
[  0%] Built target geometry_msgs_generate_messages_nodejs
[35m[1mScanning dependencies of target std_msgs_generate_messages_nodejs[0m
[  0%] Built target std_msgs_generate_messages_nodejs
[35m[1mScanning dependencies of target std_msgs_generate_messages_eus[0m
[  0%] Built target std_msgs_generate_messages_eus
[35m[1mScanning dependencies of target std_msgs_generate_messages_cpp[0m
[35m[1mScanning dependencies of target geometry_msgs_generate_messages_eus[0m
[  0%] Built target geometry_msgs_generate_messages_eus
[  0%] Built target std_msgs_generate_messages_cpp
[35m[1mScanning dependencies of target geometry_msgs_generate_messages_cpp[0m
[  0%] Built target geometry_msgs_generate_messages_cpp
[35m[1mScanning dependencies of target mobile_manipulator_msgs_generate_messages_lisp[0m
[  1%] [34m[1mGenerating Lisp code from mobile_manipulator_msgs/Joints.msg[0m
[35m[1mScanning dependencies of target mobile_manipulator_msgs_generate_messages_py[0m
[  3%] [34m[1mGenerating Python from MSG mobile_manipulator_msgs/Joints[0m
[  5%] [34m[1mGenerating Lisp code from mobile_manipulator_msgs/Vector3.msg[0m
[  7%] [34m[1mGenerating Lisp code from mobile_manipulator_msgs/MobileManipulator.msg[0m
[  9%] [34m[1mGenerating Lisp code from mobile_manipulator_msgs/Trajectory.msg[0m
[ 11%] [34m[1mGenerating Lisp code from mobile_manipulator_msgs/JointData.msg[0m
[ 13%] [34m[1mGenerating Python from MSG mobile_manipulator_msgs/Vector3[0m
[ 15%] [34m[1mGenerating Lisp code from mobile_manipulator_msgs/SingularValues.msg[0m
[ 17%] [34m[1mGenerating Lisp code from mobile_manipulator_msgs/OrientationData.msg[0m
[ 19%] [34m[1mGenerating Lisp code from mobile_manipulator_msgs/Torques.msg[0m
[ 21%] [34m[1mGenerating Lisp code from mobile_manipulator_msgs/PositionData.msg[0m
[ 23%] [34m[1mGenerating Python from MSG mobile_manipulator_msgs/MobileManipulator[0m
[ 25%] [34m[1mGenerating Lisp code from mobile_manipulator_msgs/RPY.msg[0m
[ 25%] Built target mobile_manipulator_msgs_generate_messages_lisp
[ 26%] [34m[1mGenerating Python from MSG mobile_manipulator_msgs/Trajectory[0m
[ 28%] [34m[1mGenerating Python from MSG mobile_manipulator_msgs/JointData[0m
[ 30%] [34m[1mGenerating Python from MSG mobile_manipulator_msgs/SingularValues[0m
[35m[1mScanning dependencies of target mobile_manipulator_msgs_generate_messages_nodejs[0m
[ 32%] [34m[1mGenerating Javascript code from mobile_manipulator_msgs/Joints.msg[0m
[ 34%] [34m[1mGenerating Javascript code from mobile_manipulator_msgs/Vector3.msg[0m
[ 36%] [34m[1mGenerating Python from MSG mobile_manipulator_msgs/OrientationData[0m
[ 38%] [34m[1mGenerating Javascript code from mobile_manipulator_msgs/MobileManipulator.msg[0m
[ 40%] [34m[1mGenerating Javascript code from mobile_manipulator_msgs/Trajectory.msg[0m
[ 42%] [34m[1mGenerating Javascript code from mobile_manipulator_msgs/JointData.msg[0m
[ 44%] [34m[1mGenerating Javascript code from mobile_manipulator_msgs/SingularValues.msg[0m
[ 46%] [34m[1mGenerating Python from MSG mobile_manipulator_msgs/Torques[0m
[ 48%] [34m[1mGenerating Javascript code from mobile_manipulator_msgs/OrientationData.msg[0m
[ 50%] [34m[1mGenerating Javascript code from mobile_manipulator_msgs/Torques.msg[0m
[ 51%] [34m[1mGenerating Javascript code from mobile_manipulator_msgs/PositionData.msg[0m
[ 53%] [34m[1mGenerating Python from MSG mobile_manipulator_msgs/PositionData[0m
[ 55%] [34m[1mGenerating Javascript code from mobile_manipulator_msgs/RPY.msg[0m
[ 55%] Built target mobile_manipulator_msgs_generate_messages_nodejs
[ 57%] [34m[1mGenerating Python from MSG mobile_manipulator_msgs/RPY[0m
[ 59%] [34m[1mGenerating Python msg __init__.py for mobile_manipulator_msgs[0m
[ 59%] Built target mobile_manipulator_msgs_generate_messages_py
[35m[1mScanning dependencies of target mobile_manipulator_msgs_generate_messages_eus[0m
[ 61%] [34m[1mGenerating EusLisp code from mobile_manipulator_msgs/Joints.msg[0m
[ 63%] [34m[1mGenerating EusLisp code from mobile_manipulator_msgs/Vector3.msg[0m
[ 65%] [34m[1mGenerating EusLisp code from mobile_manipulator_msgs/MobileManipulator.msg[0m
[ 67%] [34m[1mGenerating EusLisp code from mobile_manipulator_msgs/Trajectory.msg[0m
[ 69%] [34m[1mGenerating EusLisp code from mobile_manipulator_msgs/JointData.msg[0m
[ 71%] [34m[1mGenerating EusLisp code from mobile_manipulator_msgs/SingularValues.msg[0m
[ 73%] [34m[1mGenerating EusLisp code from mobile_manipulator_msgs/OrientationData.msg[0m
[ 75%] [34m[1mGenerating EusLisp code from mobile_manipulator_msgs/Torques.msg[0m
[ 76%] [34m[1mGenerating EusLisp code from mobile_manipulator_msgs/PositionData.msg[0m
[ 78%] [34m[1mGenerating EusLisp code from mobile_manipulator_msgs/RPY.msg[0m
[ 80%] [34m[1mGenerating EusLisp manifest code for mobile_manipulator_msgs[0m
[ 80%] Built target mobile_manipulator_msgs_generate_messages_eus
[35m[1mScanning dependencies of target mobile_manipulator_msgs_generate_messages_cpp[0m
[ 82%] [34m[1mGenerating C++ code from mobile_manipulator_msgs/Joints.msg[0m
[ 84%] [34m[1mGenerating C++ code from mobile_manipulator_msgs/Vector3.msg[0m
[ 86%] [34m[1mGenerating C++ code from mobile_manipulator_msgs/MobileManipulator.msg[0m
[ 88%] [34m[1mGenerating C++ code from mobile_manipulator_msgs/Trajectory.msg[0m
[ 90%] [34m[1mGenerating C++ code from mobile_manipulator_msgs/JointData.msg[0m
[ 92%] [34m[1mGenerating C++ code from mobile_manipulator_msgs/SingularValues.msg[0m
[ 94%] [34m[1mGenerating C++ code from mobile_manipulator_msgs/OrientationData.msg[0m
[ 96%] [34m[1mGenerating C++ code from mobile_manipulator_msgs/Torques.msg[0m
[ 98%] [34m[1mGenerating C++ code from mobile_manipulator_msgs/PositionData.msg[0m
[100%] [34m[1mGenerating C++ code from mobile_manipulator_msgs/RPY.msg[0m
[100%] Built target mobile_manipulator_msgs_generate_messages_cpp
[35m[1mScanning dependencies of target mobile_manipulator_msgs_generate_messages[0m
[100%] Built target mobile_manipulator_msgs_generate_messages
