Warning: Cannot symlink from /catkin_ws/devel/.private/mobile_manipulator_msgs/setup.fish to existing file /catkin_ws/devel/./setup.fish
Warning: Source hash: 184d05eb62935b422ff9606f30b9e0a3
Warning: Dest hash: 70c84acac3b5da829ecaf37e23359c05
Warning: Cannot symlink from /catkin_ws/devel/.private/mobile_manipulator_msgs/local_setup.fish to existing file /catkin_ws/devel/./local_setup.fish
Warning: Source hash: ff537d7dd2240f3152476f6898b83dc2
Warning: Dest hash: c9477c8107ce42fe5c0ff5e156cb2019
Linked: (/catkin_ws/devel/.private/mobile_manipulator_msgs/share/mobile_manipulator_msgs/cmake/mobile_manipulator_msgs-msg-paths.cmake, /catkin_ws/devel/share/mobile_manipulator_msgs/cmake/mobile_manipulator_msgs-msg-paths.cmake)
Linked: (/catkin_ws/devel/.private/mobile_manipulator_msgs/share/mobile_manipulator_msgs/cmake/mobile_manipulator_msgs-msg-extras.cmake, /catkin_ws/devel/share/mobile_manipulator_msgs/cmake/mobile_manipulator_msgs-msg-extras.cmake)
Linked: (/catkin_ws/devel/.private/mobile_manipulator_msgs/share/mobile_manipulator_msgs/cmake/mobile_manipulator_msgsConfig.cmake, /catkin_ws/devel/share/mobile_manipulator_msgs/cmake/mobile_manipulator_msgsConfig.cmake)
Linked: (/catkin_ws/devel/.private/mobile_manipulator_msgs/share/mobile_manipulator_msgs/cmake/mobile_manipulator_msgsConfig-version.cmake, /catkin_ws/devel/share/mobile_manipulator_msgs/cmake/mobile_manipulator_msgsConfig-version.cmake)
Linked: (/catkin_ws/devel/.private/mobile_manipulator_msgs/share/common-lisp/ros/mobile_manipulator_msgs/msg/_package_Joints.lisp, /catkin_ws/devel/share/common-lisp/ros/mobile_manipulator_msgs/msg/_package_Joints.lisp)
Linked: (/catkin_ws/devel/.private/mobile_manipulator_msgs/share/common-lisp/ros/mobile_manipulator_msgs/msg/SingularValues.lisp, /catkin_ws/devel/share/common-lisp/ros/mobile_manipulator_msgs/msg/SingularValues.lisp)
Linked: (/catkin_ws/devel/.private/mobile_manipulator_msgs/share/common-lisp/ros/mobile_manipulator_msgs/msg/mobile_manipulator_msgs-msg.asd, /catkin_ws/devel/share/common-lisp/ros/mobile_manipulator_msgs/msg/mobile_manipulator_msgs-msg.asd)
Linked: (/catkin_ws/devel/.private/mobile_manipulator_msgs/share/common-lisp/ros/mobile_manipulator_msgs/msg/_package_JointData.lisp, /catkin_ws/devel/share/common-lisp/ros/mobile_manipulator_msgs/msg/_package_JointData.lisp)
Linked: (/catkin_ws/devel/.private/mobile_manipulator_msgs/share/common-lisp/ros/mobile_manipulator_msgs/msg/RPY.lisp, /catkin_ws/devel/share/common-lisp/ros/mobile_manipulator_msgs/msg/RPY.lisp)
Linked: (/catkin_ws/devel/.private/mobile_manipulator_msgs/share/common-lisp/ros/mobile_manipulator_msgs/msg/_package_RPY.lisp, /catkin_ws/devel/share/common-lisp/ros/mobile_manipulator_msgs/msg/_package_RPY.lisp)
Linked: (/catkin_ws/devel/.private/mobile_manipulator_msgs/share/common-lisp/ros/mobile_manipulator_msgs/msg/PositionData.lisp, /catkin_ws/devel/share/common-lisp/ros/mobile_manipulator_msgs/msg/PositionData.lisp)
Linked: (/catkin_ws/devel/.private/mobile_manipulator_msgs/share/common-lisp/ros/mobile_manipulator_msgs/msg/Trajectory.lisp, /catkin_ws/devel/share/common-lisp/ros/mobile_manipulator_msgs/msg/Trajectory.lisp)
Linked: (/catkin_ws/devel/.private/mobile_manipulator_msgs/share/common-lisp/ros/mobile_manipulator_msgs/msg/_package_Vector3.lisp, /catkin_ws/devel/share/common-lisp/ros/mobile_manipulator_msgs/msg/_package_Vector3.lisp)
Linked: (/catkin_ws/devel/.private/mobile_manipulator_msgs/share/common-lisp/ros/mobile_manipulator_msgs/msg/JointData.lisp, /catkin_ws/devel/share/common-lisp/ros/mobile_manipulator_msgs/msg/JointData.lisp)
Linked: (/catkin_ws/devel/.private/mobile_manipulator_msgs/share/common-lisp/ros/mobile_manipulator_msgs/msg/OrientationData.lisp, /catkin_ws/devel/share/common-lisp/ros/mobile_manipulator_msgs/msg/OrientationData.lisp)
Linked: (/catkin_ws/devel/.private/mobile_manipulator_msgs/share/common-lisp/ros/mobile_manipulator_msgs/msg/_package_PositionData.lisp, /catkin_ws/devel/share/common-lisp/ros/mobile_manipulator_msgs/msg/_package_PositionData.lisp)
Linked: (/catkin_ws/devel/.private/mobile_manipulator_msgs/share/common-lisp/ros/mobile_manipulator_msgs/msg/Joints.lisp, /catkin_ws/devel/share/common-lisp/ros/mobile_manipulator_msgs/msg/Joints.lisp)
Linked: (/catkin_ws/devel/.private/mobile_manipulator_msgs/share/common-lisp/ros/mobile_manipulator_msgs/msg/Vector3.lisp, /catkin_ws/devel/share/common-lisp/ros/mobile_manipulator_msgs/msg/Vector3.lisp)
Linked: (/catkin_ws/devel/.private/mobile_manipulator_msgs/share/common-lisp/ros/mobile_manipulator_msgs/msg/_package_MobileManipulator.lisp, /catkin_ws/devel/share/common-lisp/ros/mobile_manipulator_msgs/msg/_package_MobileManipulator.lisp)
Linked: (/catkin_ws/devel/.private/mobile_manipulator_msgs/share/common-lisp/ros/mobile_manipulator_msgs/msg/_package_Torques.lisp, /catkin_ws/devel/share/common-lisp/ros/mobile_manipulator_msgs/msg/_package_Torques.lisp)
Linked: (/catkin_ws/devel/.private/mobile_manipulator_msgs/share/common-lisp/ros/mobile_manipulator_msgs/msg/MobileManipulator.lisp, /catkin_ws/devel/share/common-lisp/ros/mobile_manipulator_msgs/msg/MobileManipulator.lisp)
Linked: (/catkin_ws/devel/.private/mobile_manipulator_msgs/share/common-lisp/ros/mobile_manipulator_msgs/msg/_package.lisp, /catkin_ws/devel/share/common-lisp/ros/mobile_manipulator_msgs/msg/_package.lisp)
Linked: (/catkin_ws/devel/.private/mobile_manipulator_msgs/share/common-lisp/ros/mobile_manipulator_msgs/msg/Torques.lisp, /catkin_ws/devel/share/common-lisp/ros/mobile_manipulator_msgs/msg/Torques.lisp)
Linked: (/catkin_ws/devel/.private/mobile_manipulator_msgs/share/common-lisp/ros/mobile_manipulator_msgs/msg/_package_Trajectory.lisp, /catkin_ws/devel/share/common-lisp/ros/mobile_manipulator_msgs/msg/_package_Trajectory.lisp)
Linked: (/catkin_ws/devel/.private/mobile_manipulator_msgs/share/common-lisp/ros/mobile_manipulator_msgs/msg/_package_SingularValues.lisp, /catkin_ws/devel/share/common-lisp/ros/mobile_manipulator_msgs/msg/_package_SingularValues.lisp)
Linked: (/catkin_ws/devel/.private/mobile_manipulator_msgs/share/common-lisp/ros/mobile_manipulator_msgs/msg/_package_OrientationData.lisp, /catkin_ws/devel/share/common-lisp/ros/mobile_manipulator_msgs/msg/_package_OrientationData.lisp)
Linked: (/catkin_ws/devel/.private/mobile_manipulator_msgs/share/gennodejs/ros/mobile_manipulator_msgs/_index.js, /catkin_ws/devel/share/gennodejs/ros/mobile_manipulator_msgs/_index.js)
Linked: (/catkin_ws/devel/.private/mobile_manipulator_msgs/share/gennodejs/ros/mobile_manipulator_msgs/msg/OrientationData.js, /catkin_ws/devel/share/gennodejs/ros/mobile_manipulator_msgs/msg/OrientationData.js)
Linked: (/catkin_ws/devel/.private/mobile_manipulator_msgs/share/gennodejs/ros/mobile_manipulator_msgs/msg/RPY.js, /catkin_ws/devel/share/gennodejs/ros/mobile_manipulator_msgs/msg/RPY.js)
Linked: (/catkin_ws/devel/.private/mobile_manipulator_msgs/share/gennodejs/ros/mobile_manipulator_msgs/msg/JointData.js, /catkin_ws/devel/share/gennodejs/ros/mobile_manipulator_msgs/msg/JointData.js)
Linked: (/catkin_ws/devel/.private/mobile_manipulator_msgs/share/gennodejs/ros/mobile_manipulator_msgs/msg/Trajectory.js, /catkin_ws/devel/share/gennodejs/ros/mobile_manipulator_msgs/msg/Trajectory.js)
Linked: (/catkin_ws/devel/.private/mobile_manipulator_msgs/share/gennodejs/ros/mobile_manipulator_msgs/msg/Vector3.js, /catkin_ws/devel/share/gennodejs/ros/mobile_manipulator_msgs/msg/Vector3.js)
Linked: (/catkin_ws/devel/.private/mobile_manipulator_msgs/share/gennodejs/ros/mobile_manipulator_msgs/msg/SingularValues.js, /catkin_ws/devel/share/gennodejs/ros/mobile_manipulator_msgs/msg/SingularValues.js)
Linked: (/catkin_ws/devel/.private/mobile_manipulator_msgs/share/gennodejs/ros/mobile_manipulator_msgs/msg/Joints.js, /catkin_ws/devel/share/gennodejs/ros/mobile_manipulator_msgs/msg/Joints.js)
Linked: (/catkin_ws/devel/.private/mobile_manipulator_msgs/share/gennodejs/ros/mobile_manipulator_msgs/msg/PositionData.js, /catkin_ws/devel/share/gennodejs/ros/mobile_manipulator_msgs/msg/PositionData.js)
Linked: (/catkin_ws/devel/.private/mobile_manipulator_msgs/share/gennodejs/ros/mobile_manipulator_msgs/msg/MobileManipulator.js, /catkin_ws/devel/share/gennodejs/ros/mobile_manipulator_msgs/msg/MobileManipulator.js)
Linked: (/catkin_ws/devel/.private/mobile_manipulator_msgs/share/gennodejs/ros/mobile_manipulator_msgs/msg/Torques.js, /catkin_ws/devel/share/gennodejs/ros/mobile_manipulator_msgs/msg/Torques.js)
Linked: (/catkin_ws/devel/.private/mobile_manipulator_msgs/share/gennodejs/ros/mobile_manipulator_msgs/msg/_index.js, /catkin_ws/devel/share/gennodejs/ros/mobile_manipulator_msgs/msg/_index.js)
Linked: (/catkin_ws/devel/.private/mobile_manipulator_msgs/share/roseus/ros/mobile_manipulator_msgs/manifest.l, /catkin_ws/devel/share/roseus/ros/mobile_manipulator_msgs/manifest.l)
Linked: (/catkin_ws/devel/.private/mobile_manipulator_msgs/share/roseus/ros/mobile_manipulator_msgs/msg/Trajectory.l, /catkin_ws/devel/share/roseus/ros/mobile_manipulator_msgs/msg/Trajectory.l)
Linked: (/catkin_ws/devel/.private/mobile_manipulator_msgs/share/roseus/ros/mobile_manipulator_msgs/msg/Torques.l, /catkin_ws/devel/share/roseus/ros/mobile_manipulator_msgs/msg/Torques.l)
Linked: (/catkin_ws/devel/.private/mobile_manipulator_msgs/share/roseus/ros/mobile_manipulator_msgs/msg/SingularValues.l, /catkin_ws/devel/share/roseus/ros/mobile_manipulator_msgs/msg/SingularValues.l)
Linked: (/catkin_ws/devel/.private/mobile_manipulator_msgs/share/roseus/ros/mobile_manipulator_msgs/msg/RPY.l, /catkin_ws/devel/share/roseus/ros/mobile_manipulator_msgs/msg/RPY.l)
Linked: (/catkin_ws/devel/.private/mobile_manipulator_msgs/share/roseus/ros/mobile_manipulator_msgs/msg/Joints.l, /catkin_ws/devel/share/roseus/ros/mobile_manipulator_msgs/msg/Joints.l)
Linked: (/catkin_ws/devel/.private/mobile_manipulator_msgs/share/roseus/ros/mobile_manipulator_msgs/msg/PositionData.l, /catkin_ws/devel/share/roseus/ros/mobile_manipulator_msgs/msg/PositionData.l)
Linked: (/catkin_ws/devel/.private/mobile_manipulator_msgs/share/roseus/ros/mobile_manipulator_msgs/msg/Vector3.l, /catkin_ws/devel/share/roseus/ros/mobile_manipulator_msgs/msg/Vector3.l)
Linked: (/catkin_ws/devel/.private/mobile_manipulator_msgs/share/roseus/ros/mobile_manipulator_msgs/msg/MobileManipulator.l, /catkin_ws/devel/share/roseus/ros/mobile_manipulator_msgs/msg/MobileManipulator.l)
Linked: (/catkin_ws/devel/.private/mobile_manipulator_msgs/share/roseus/ros/mobile_manipulator_msgs/msg/JointData.l, /catkin_ws/devel/share/roseus/ros/mobile_manipulator_msgs/msg/JointData.l)
Linked: (/catkin_ws/devel/.private/mobile_manipulator_msgs/share/roseus/ros/mobile_manipulator_msgs/msg/OrientationData.l, /catkin_ws/devel/share/roseus/ros/mobile_manipulator_msgs/msg/OrientationData.l)
Linked: (/catkin_ws/devel/.private/mobile_manipulator_msgs/lib/pkgconfig/mobile_manipulator_msgs.pc, /catkin_ws/devel/lib/pkgconfig/mobile_manipulator_msgs.pc)
Linked: (/catkin_ws/devel/.private/mobile_manipulator_msgs/lib/python2.7/dist-packages/mobile_manipulator_msgs/__init__.py, /catkin_ws/devel/lib/python2.7/dist-packages/mobile_manipulator_msgs/__init__.py)
Linked: (/catkin_ws/devel/.private/mobile_manipulator_msgs/lib/python2.7/dist-packages/mobile_manipulator_msgs/msg/_MobileManipulator.py, /catkin_ws/devel/lib/python2.7/dist-packages/mobile_manipulator_msgs/msg/_MobileManipulator.py)
Linked: (/catkin_ws/devel/.private/mobile_manipulator_msgs/lib/python2.7/dist-packages/mobile_manipulator_msgs/msg/_Joints.py, /catkin_ws/devel/lib/python2.7/dist-packages/mobile_manipulator_msgs/msg/_Joints.py)
Linked: (/catkin_ws/devel/.private/mobile_manipulator_msgs/lib/python2.7/dist-packages/mobile_manipulator_msgs/msg/_JointData.py, /catkin_ws/devel/lib/python2.7/dist-packages/mobile_manipulator_msgs/msg/_JointData.py)
Linked: (/catkin_ws/devel/.private/mobile_manipulator_msgs/lib/python2.7/dist-packages/mobile_manipulator_msgs/msg/_Vector3.py, /catkin_ws/devel/lib/python2.7/dist-packages/mobile_manipulator_msgs/msg/_Vector3.py)
Linked: (/catkin_ws/devel/.private/mobile_manipulator_msgs/lib/python2.7/dist-packages/mobile_manipulator_msgs/msg/__init__.py, /catkin_ws/devel/lib/python2.7/dist-packages/mobile_manipulator_msgs/msg/__init__.py)
Linked: (/catkin_ws/devel/.private/mobile_manipulator_msgs/lib/python2.7/dist-packages/mobile_manipulator_msgs/msg/_RPY.py, /catkin_ws/devel/lib/python2.7/dist-packages/mobile_manipulator_msgs/msg/_RPY.py)
Linked: (/catkin_ws/devel/.private/mobile_manipulator_msgs/lib/python2.7/dist-packages/mobile_manipulator_msgs/msg/_Torques.py, /catkin_ws/devel/lib/python2.7/dist-packages/mobile_manipulator_msgs/msg/_Torques.py)
Linked: (/catkin_ws/devel/.private/mobile_manipulator_msgs/lib/python2.7/dist-packages/mobile_manipulator_msgs/msg/_SingularValues.py, /catkin_ws/devel/lib/python2.7/dist-packages/mobile_manipulator_msgs/msg/_SingularValues.py)
Linked: (/catkin_ws/devel/.private/mobile_manipulator_msgs/lib/python2.7/dist-packages/mobile_manipulator_msgs/msg/_OrientationData.py, /catkin_ws/devel/lib/python2.7/dist-packages/mobile_manipulator_msgs/msg/_OrientationData.py)
Linked: (/catkin_ws/devel/.private/mobile_manipulator_msgs/lib/python2.7/dist-packages/mobile_manipulator_msgs/msg/_Trajectory.py, /catkin_ws/devel/lib/python2.7/dist-packages/mobile_manipulator_msgs/msg/_Trajectory.py)
Linked: (/catkin_ws/devel/.private/mobile_manipulator_msgs/lib/python2.7/dist-packages/mobile_manipulator_msgs/msg/_PositionData.py, /catkin_ws/devel/lib/python2.7/dist-packages/mobile_manipulator_msgs/msg/_PositionData.py)
Linked: (/catkin_ws/devel/.private/mobile_manipulator_msgs/include/mobile_manipulator_msgs/OrientationData.h, /catkin_ws/devel/include/mobile_manipulator_msgs/OrientationData.h)
Linked: (/catkin_ws/devel/.private/mobile_manipulator_msgs/include/mobile_manipulator_msgs/Joints.h, /catkin_ws/devel/include/mobile_manipulator_msgs/Joints.h)
Linked: (/catkin_ws/devel/.private/mobile_manipulator_msgs/include/mobile_manipulator_msgs/Vector3.h, /catkin_ws/devel/include/mobile_manipulator_msgs/Vector3.h)
Linked: (/catkin_ws/devel/.private/mobile_manipulator_msgs/include/mobile_manipulator_msgs/PositionData.h, /catkin_ws/devel/include/mobile_manipulator_msgs/PositionData.h)
Linked: (/catkin_ws/devel/.private/mobile_manipulator_msgs/include/mobile_manipulator_msgs/MobileManipulator.h, /catkin_ws/devel/include/mobile_manipulator_msgs/MobileManipulator.h)
Linked: (/catkin_ws/devel/.private/mobile_manipulator_msgs/include/mobile_manipulator_msgs/Trajectory.h, /catkin_ws/devel/include/mobile_manipulator_msgs/Trajectory.h)
Linked: (/catkin_ws/devel/.private/mobile_manipulator_msgs/include/mobile_manipulator_msgs/SingularValues.h, /catkin_ws/devel/include/mobile_manipulator_msgs/SingularValues.h)
Linked: (/catkin_ws/devel/.private/mobile_manipulator_msgs/include/mobile_manipulator_msgs/RPY.h, /catkin_ws/devel/include/mobile_manipulator_msgs/RPY.h)
Linked: (/catkin_ws/devel/.private/mobile_manipulator_msgs/include/mobile_manipulator_msgs/Torques.h, /catkin_ws/devel/include/mobile_manipulator_msgs/Torques.h)
Linked: (/catkin_ws/devel/.private/mobile_manipulator_msgs/include/mobile_manipulator_msgs/JointData.h, /catkin_ws/devel/include/mobile_manipulator_msgs/JointData.h)
