Warning: Cannot symlink from /catkin_ws/devel/.private/mobile_manipulator_msgs/setup.fish to existing file /catkin_ws/devel/./setup.fish
Warning: Source hash: 184d05eb62935b422ff9606f30b9e0a3
Warning: Dest hash: 70c84acac3b5da829ecaf37e23359c05
Warning: Cannot symlink from /catkin_ws/devel/.private/mobile_manipulator_msgs/local_setup.fish to existing file /catkin_ws/devel/./local_setup.fish
Warning: Source hash: ff537d7dd2240f3152476f6898b83dc2
Warning: Dest hash: c9477c8107ce42fe5c0ff5e156cb2019
Symlinking /catkin_ws/devel/share/mobile_manipulator_msgs/cmake/mobile_manipulator_msgs-msg-paths.cmake
Symlinking /catkin_ws/devel/share/mobile_manipulator_msgs/cmake/mobile_manipulator_msgs-msg-extras.cmake
Symlinking /catkin_ws/devel/share/mobile_manipulator_msgs/cmake/mobile_manipulator_msgsConfig.cmake
Symlinking /catkin_ws/devel/share/mobile_manipulator_msgs/cmake/mobile_manipulator_msgsConfig-version.cmake
Symlinking /catkin_ws/devel/share/common-lisp/ros/mobile_manipulator_msgs/msg/_package_Joints.lisp
Symlinking /catkin_ws/devel/share/common-lisp/ros/mobile_manipulator_msgs/msg/SingularValues.lisp
Symlinking /catkin_ws/devel/share/common-lisp/ros/mobile_manipulator_msgs/msg/mobile_manipulator_msgs-msg.asd
Symlinking /catkin_ws/devel/share/common-lisp/ros/mobile_manipulator_msgs/msg/_package_JointData.lisp
Symlinking /catkin_ws/devel/share/common-lisp/ros/mobile_manipulator_msgs/msg/RPY.lisp
Symlinking /catkin_ws/devel/share/common-lisp/ros/mobile_manipulator_msgs/msg/_package_RPY.lisp
Symlinking /catkin_ws/devel/share/common-lisp/ros/mobile_manipulator_msgs/msg/PositionData.lisp
Symlinking /catkin_ws/devel/share/common-lisp/ros/mobile_manipulator_msgs/msg/Trajectory.lisp
Symlinking /catkin_ws/devel/share/common-lisp/ros/mobile_manipulator_msgs/msg/_package_Vector3.lisp
Symlinking /catkin_ws/devel/share/common-lisp/ros/mobile_manipulator_msgs/msg/JointData.lisp
Symlinking /catkin_ws/devel/share/common-lisp/ros/mobile_manipulator_msgs/msg/OrientationData.lisp
Symlinking /catkin_ws/devel/share/common-lisp/ros/mobile_manipulator_msgs/msg/_package_PositionData.lisp
Symlinking /catkin_ws/devel/share/common-lisp/ros/mobile_manipulator_msgs/msg/Joints.lisp
Symlinking /catkin_ws/devel/share/common-lisp/ros/mobile_manipulator_msgs/msg/Vector3.lisp
Symlinking /catkin_ws/devel/share/common-lisp/ros/mobile_manipulator_msgs/msg/_package_MobileManipulator.lisp
Symlinking /catkin_ws/devel/share/common-lisp/ros/mobile_manipulator_msgs/msg/_package_Torques.lisp
Symlinking /catkin_ws/devel/share/common-lisp/ros/mobile_manipulator_msgs/msg/MobileManipulator.lisp
Symlinking /catkin_ws/devel/share/common-lisp/ros/mobile_manipulator_msgs/msg/_package.lisp
Symlinking /catkin_ws/devel/share/common-lisp/ros/mobile_manipulator_msgs/msg/Torques.lisp
Symlinking /catkin_ws/devel/share/common-lisp/ros/mobile_manipulator_msgs/msg/_package_Trajectory.lisp
Symlinking /catkin_ws/devel/share/common-lisp/ros/mobile_manipulator_msgs/msg/_package_SingularValues.lisp
Symlinking /catkin_ws/devel/share/common-lisp/ros/mobile_manipulator_msgs/msg/_package_OrientationData.lisp
Symlinking /catkin_ws/devel/share/gennodejs/ros/mobile_manipulator_msgs/_index.js
Symlinking /catkin_ws/devel/share/gennodejs/ros/mobile_manipulator_msgs/msg/OrientationData.js
Symlinking /catkin_ws/devel/share/gennodejs/ros/mobile_manipulator_msgs/msg/RPY.js
Symlinking /catkin_ws/devel/share/gennodejs/ros/mobile_manipulator_msgs/msg/JointData.js
Symlinking /catkin_ws/devel/share/gennodejs/ros/mobile_manipulator_msgs/msg/Trajectory.js
Symlinking /catkin_ws/devel/share/gennodejs/ros/mobile_manipulator_msgs/msg/Vector3.js
Symlinking /catkin_ws/devel/share/gennodejs/ros/mobile_manipulator_msgs/msg/SingularValues.js
Symlinking /catkin_ws/devel/share/gennodejs/ros/mobile_manipulator_msgs/msg/Joints.js
Symlinking /catkin_ws/devel/share/gennodejs/ros/mobile_manipulator_msgs/msg/PositionData.js
Symlinking /catkin_ws/devel/share/gennodejs/ros/mobile_manipulator_msgs/msg/MobileManipulator.js
Symlinking /catkin_ws/devel/share/gennodejs/ros/mobile_manipulator_msgs/msg/Torques.js
Symlinking /catkin_ws/devel/share/gennodejs/ros/mobile_manipulator_msgs/msg/_index.js
Symlinking /catkin_ws/devel/share/roseus/ros/mobile_manipulator_msgs/manifest.l
Symlinking /catkin_ws/devel/share/roseus/ros/mobile_manipulator_msgs/msg/Trajectory.l
Symlinking /catkin_ws/devel/share/roseus/ros/mobile_manipulator_msgs/msg/Torques.l
Symlinking /catkin_ws/devel/share/roseus/ros/mobile_manipulator_msgs/msg/SingularValues.l
Symlinking /catkin_ws/devel/share/roseus/ros/mobile_manipulator_msgs/msg/RPY.l
Symlinking /catkin_ws/devel/share/roseus/ros/mobile_manipulator_msgs/msg/Joints.l
Symlinking /catkin_ws/devel/share/roseus/ros/mobile_manipulator_msgs/msg/PositionData.l
Symlinking /catkin_ws/devel/share/roseus/ros/mobile_manipulator_msgs/msg/Vector3.l
Symlinking /catkin_ws/devel/share/roseus/ros/mobile_manipulator_msgs/msg/MobileManipulator.l
Symlinking /catkin_ws/devel/share/roseus/ros/mobile_manipulator_msgs/msg/JointData.l
Symlinking /catkin_ws/devel/share/roseus/ros/mobile_manipulator_msgs/msg/OrientationData.l
Symlinking /catkin_ws/devel/lib/pkgconfig/mobile_manipulator_msgs.pc
Symlinking /catkin_ws/devel/lib/python2.7/dist-packages/mobile_manipulator_msgs/__init__.py
Symlinking /catkin_ws/devel/lib/python2.7/dist-packages/mobile_manipulator_msgs/msg/_MobileManipulator.py
Symlinking /catkin_ws/devel/lib/python2.7/dist-packages/mobile_manipulator_msgs/msg/_Joints.py
Symlinking /catkin_ws/devel/lib/python2.7/dist-packages/mobile_manipulator_msgs/msg/_JointData.py
Symlinking /catkin_ws/devel/lib/python2.7/dist-packages/mobile_manipulator_msgs/msg/_Vector3.py
Symlinking /catkin_ws/devel/lib/python2.7/dist-packages/mobile_manipulator_msgs/msg/__init__.py
Symlinking /catkin_ws/devel/lib/python2.7/dist-packages/mobile_manipulator_msgs/msg/_RPY.py
Symlinking /catkin_ws/devel/lib/python2.7/dist-packages/mobile_manipulator_msgs/msg/_Torques.py
Symlinking /catkin_ws/devel/lib/python2.7/dist-packages/mobile_manipulator_msgs/msg/_SingularValues.py
Symlinking /catkin_ws/devel/lib/python2.7/dist-packages/mobile_manipulator_msgs/msg/_OrientationData.py
Symlinking /catkin_ws/devel/lib/python2.7/dist-packages/mobile_manipulator_msgs/msg/_Trajectory.py
Symlinking /catkin_ws/devel/lib/python2.7/dist-packages/mobile_manipulator_msgs/msg/_PositionData.py
Symlinking /catkin_ws/devel/include/mobile_manipulator_msgs/OrientationData.h
Symlinking /catkin_ws/devel/include/mobile_manipulator_msgs/Joints.h
Symlinking /catkin_ws/devel/include/mobile_manipulator_msgs/Vector3.h
Symlinking /catkin_ws/devel/include/mobile_manipulator_msgs/PositionData.h
Symlinking /catkin_ws/devel/include/mobile_manipulator_msgs/MobileManipulator.h
Symlinking /catkin_ws/devel/include/mobile_manipulator_msgs/Trajectory.h
Symlinking /catkin_ws/devel/include/mobile_manipulator_msgs/SingularValues.h
Symlinking /catkin_ws/devel/include/mobile_manipulator_msgs/RPY.h
Symlinking /catkin_ws/devel/include/mobile_manipulator_msgs/Torques.h
Symlinking /catkin_ws/devel/include/mobile_manipulator_msgs/JointData.h
