Not searching for unused variables given on the command line.
[36m--[0m The C compiler identification is GNU 7.5.0
[36m--[0m The CXX compiler identification is GNU 7.5.0
[36m--[0m Check for working C compiler: /usr/bin/cc
[36m--[0m Check for working C compiler: /usr/bin/cc -- works
[36m--[0m Detecting C compiler ABI info
[36m--[0m Detecting C compiler ABI info - done
[36m--[0m Detecting C compile features
[36m--[0m Detecting C compile features - done
[36m--[0m Check for working CXX compiler: /usr/bin/c++
[36m--[0m Check for working CXX compiler: /usr/bin/c++ -- works
[36m--[0m Detecting CXX compiler ABI info
[36m--[0m Detecting CXX compiler ABI info - done
[36m--[0m Detecting CXX compile features
[36m--[0m Detecting CXX compile features - done
[36m--[0m Using CATKIN_DEVEL_PREFIX: /catkin_ws/devel/.private/mob_manipulator_controller
[36m--[0m Using CMAKE_PREFIX_PATH: /catkin_ws/devel;/opt/ros/melodic
[36m--[0m This workspace overlays: /catkin_ws/devel;/opt/ros/melodic
[36m--[0m Found PythonInterp: /usr/bin/python2 (found suitable version "2.7.17", minimum required is "2")
[36m--[0m Using PYTHON_EXECUTABLE: /usr/bin/python2
[36m--[0m Using Debian Python package layout
[36m--[0m Using empy: /usr/bin/empy
[36m--[0m Using CATKIN_ENABLE_TESTING: ON
[36m--[0m Call enable_testing()
[36m--[0m Using CATKIN_TEST_RESULTS_DIR: /catkin_ws/build/mob_manipulator_controller/test_results
[36m--[0m Found gtest sources under '/usr/src/googletest': gtests will be built
[36m--[0m Found gmock sources under '/usr/src/googletest': gmock will be built
[36m--[0m Found PythonInterp: /usr/bin/python2 (found version "2.7.17")
[36m--[0m Looking for pthread.h
[36m--[0m Looking for pthread.h - found
[36m--[0m Looking for pthread_create
[36m--[0m Looking for pthread_create - not found
[36m--[0m Looking for pthread_create in pthreads
[36m--[0m Looking for pthread_create in pthreads - not found
[36m--[0m Looking for pthread_create in pthread
[36m--[0m Looking for pthread_create in pthread - found
[36m--[0m Found Threads: TRUE
[36m--[0m Using Python nosetests: /usr/bin/nosetests-2.7
[36m--[0m catkin 0.8.12
[36m--[0m BUILD_SHARED_LIBS is on
[36m--[0m Using these message generators: gencpp;geneus;genlisp;gennodejs;genpy
[33m[1mCMake Warning[0m at /catkin_ws/src/catkin/cmake/catkin_package.cmake:166 (message):
  catkin_package() DEPENDS on 'Eigen3' but neither 'Eigen3_INCLUDE_DIRS' nor
  'Eigen3_LIBRARIES' is defined.
[36mCall Stack (most recent call first):[0m
  /catkin_ws/src/catkin/cmake/catkin_package.cmake:102 (_catkin_package)
  CMakeLists.txt:32 (catkin_package)


[36m--[0m Found ccd: /usr/include (found suitable version "2.0", minimum required is "2.0")
[36m--[0m Found fcl: /usr/include (found suitable version "0.5.0", minimum required is "0.5.0")
[36m--[0m Found assimp: /usr/include (found version "4.1.0")
[31m[1mCMake Error[0m at /usr/share/cmake-3.10/Modules/FindPackageHandleStandardArgs.cmake:137 (message):
  Could NOT find DART (missing: utils-urdf gui-osg) (Required is at least
  version "6.6.0")
[36mCall Stack (most recent call first):[0m
  /usr/share/cmake-3.10/Modules/FindPackageHandleStandardArgs.cmake:378 (_FPHSA_FAILURE_MESSAGE)
  /usr/share/dart/cmake/DARTConfig.cmake:191 (find_package_handle_standard_args)
  CMakeLists.txt:76 (find_package)


[36m--[0m Configuring incomplete, errors occurred!
See also "/catkin_ws/build/mob_manipulator_controller/CMakeFiles/CMakeOutput.log".
See also "/catkin_ws/build/mob_manipulator_controller/CMakeFiles/CMakeError.log".
