[  0%] Built target roscpp_generate_messages_lisp
[  0%] Built target tf2_msgs_generate_messages_cpp
[  0%] Built target roscpp_generate_messages_eus
[  0%] Built target roscpp_generate_messages_nodejs
[  0%] Built target nav_msgs_generate_messages_lisp
[  0%] Built target mobile_manipulator_msgs_generate_messages_cpp
[  0%] Built target actionlib_msgs_generate_messages_nodejs
[  0%] Built target std_msgs_generate_messages_cpp
[  0%] Built target nav_msgs_generate_messages_nodejs
[  0%] Built target geometry_msgs_generate_messages_nodejs
[  0%] Built target std_msgs_generate_messages_lisp
[  0%] Built target sensor_msgs_generate_messages_py
[  0%] Built target mobile_manipulator_msgs_generate_messages_py
[  0%] Built target sensor_msgs_generate_messages_cpp
[  0%] Built target sensor_msgs_generate_messages_eus
[  0%] Built target std_msgs_generate_messages_nodejs
[  0%] Built target sensor_msgs_generate_messages_lisp
[  0%] Built target actionlib_generate_messages_cpp
[  0%] Built target roscpp_generate_messages_cpp
[  0%] Built target mobile_manipulator_msgs_generate_messages_nodejs
[  0%] Built target geometry_msgs_generate_messages_py
[  0%] Built target geometry_msgs_generate_messages_cpp
[  0%] Built target geometry_msgs_generate_messages_lisp
[  0%] Built target sensor_msgs_generate_messages_nodejs
[  0%] Built target nav_msgs_generate_messages_cpp
[  0%] Built target actionlib_msgs_generate_messages_py
[  0%] Built target actionlib_msgs_generate_messages_lisp
[  0%] Built target nav_msgs_generate_messages_eus
[  0%] Built target rosgraph_msgs_generate_messages_nodejs
[  0%] Built target std_msgs_generate_messages_eus
[  0%] Built target rosgraph_msgs_generate_messages_py
[  0%] Built target actionlib_msgs_generate_messages_eus
[  0%] Built target rosgraph_msgs_generate_messages_cpp
[  0%] Built target rosgraph_msgs_generate_messages_lisp
[  0%] Built target rosgraph_msgs_generate_messages_eus
[  0%] Built target actionlib_msgs_generate_messages_cpp
[  0%] Built target roscpp_generate_messages_py
[  0%] Built target nav_msgs_generate_messages_py
[  0%] Built target std_msgs_generate_messages_py
[  0%] Built target geometry_msgs_generate_messages_eus
[  0%] Built target actionlib_generate_messages_nodejs
[  0%] Built target actionlib_generate_messages_lisp
[  0%] Built target actionlib_generate_messages_eus
[  0%] Built target mobile_manipulator_msgs_generate_messages_lisp
[  0%] Built target mobile_manipulator_msgs_generate_messages_eus
[  0%] Built target actionlib_generate_messages_py
[  0%] Built target tf2_msgs_generate_messages_nodejs
[  0%] Built target tf2_msgs_generate_messages_py
[  0%] Built target tf2_msgs_generate_messages_lisp
[  0%] Built target tf2_msgs_generate_messages_eus
[35m[1mScanning dependencies of target mob_manipulator_controller[0m
[  6%] [32mBuilding CXX object CMakeFiles/mob_manipulator_controller.dir/src/Stack_Tasks.cpp.o[0m
[ 12%] [32m[1mLinking CXX executable /catkin_ws/devel/.private/mob_manipulator_controller/lib/mob_manipulator_controller/mob_manipulator_controller[0m
[100%] Built target mob_manipulator_controller
