[35m[1mScanning dependencies of target roscpp_generate_messages_nodejs[0m
[35m[1mScanning dependencies of target tf2_msgs_generate_messages_cpp[0m
[  0%] Built target tf2_msgs_generate_messages_cpp
[  0%] Built target roscpp_generate_messages_nodejs
[35m[1mScanning dependencies of target roscpp_generate_messages_lisp[0m
[35m[1mScanning dependencies of target roscpp_generate_messages_eus[0m
[  0%] Built target roscpp_generate_messages_lisp
[  0%] Built target roscpp_generate_messages_eus
[35m[1mScanning dependencies of target nav_msgs_generate_messages_lisp[0m
[35m[1mScanning dependencies of target mobile_manipulator_msgs_generate_messages_cpp[0m
[  0%] Built target nav_msgs_generate_messages_lisp
[  0%] Built target mobile_manipulator_msgs_generate_messages_cpp
[35m[1mScanning dependencies of target actionlib_msgs_generate_messages_nodejs[0m
[35m[1mScanning dependencies of target std_msgs_generate_messages_cpp[0m
[  0%] Built target actionlib_msgs_generate_messages_nodejs
[  0%] Built target std_msgs_generate_messages_cpp
[35m[1mScanning dependencies of target nav_msgs_generate_messages_nodejs[0m
[35m[1mScanning dependencies of target geometry_msgs_generate_messages_nodejs[0m
[  0%] Built target geometry_msgs_generate_messages_nodejs
[  0%] Built target nav_msgs_generate_messages_nodejs
[35m[1mScanning dependencies of target std_msgs_generate_messages_lisp[0m
[35m[1mScanning dependencies of target sensor_msgs_generate_messages_py[0m
[  0%] Built target std_msgs_generate_messages_lisp
[  0%] Built target sensor_msgs_generate_messages_py
[35m[1mScanning dependencies of target sensor_msgs_generate_messages_cpp[0m
[35m[1mScanning dependencies of target sensor_msgs_generate_messages_eus[0m
[  0%] Built target sensor_msgs_generate_messages_cpp
[  0%] Built target sensor_msgs_generate_messages_eus
[35m[1mScanning dependencies of target std_msgs_generate_messages_nodejs[0m
[35m[1mScanning dependencies of target mobile_manipulator_msgs_generate_messages_py[0m
[  0%] Built target std_msgs_generate_messages_nodejs
[  0%] Built target mobile_manipulator_msgs_generate_messages_py
[35m[1mScanning dependencies of target mobile_manipulator_msgs_generate_messages_nodejs[0m
[35m[1mScanning dependencies of target sensor_msgs_generate_messages_lisp[0m
[  0%] Built target mobile_manipulator_msgs_generate_messages_nodejs
[  0%] Built target sensor_msgs_generate_messages_lisp
[35m[1mScanning dependencies of target actionlib_generate_messages_cpp[0m
[35m[1mScanning dependencies of target roscpp_generate_messages_cpp[0m
[  0%] Built target roscpp_generate_messages_cpp
[  0%] Built target actionlib_generate_messages_cpp
[35m[1mScanning dependencies of target geometry_msgs_generate_messages_cpp[0m
[35m[1mScanning dependencies of target sensor_msgs_generate_messages_nodejs[0m
[  0%] Built target sensor_msgs_generate_messages_nodejs
[  0%] Built target geometry_msgs_generate_messages_cpp
[35m[1mScanning dependencies of target geometry_msgs_generate_messages_py[0m
[35m[1mScanning dependencies of target geometry_msgs_generate_messages_lisp[0m
[  0%] Built target geometry_msgs_generate_messages_lisp
[  0%] Built target geometry_msgs_generate_messages_py
[35m[1mScanning dependencies of target nav_msgs_generate_messages_eus[0m
[35m[1mScanning dependencies of target nav_msgs_generate_messages_cpp[0m
[  0%] Built target nav_msgs_generate_messages_eus
[  0%] Built target nav_msgs_generate_messages_cpp
[35m[1mScanning dependencies of target actionlib_msgs_generate_messages_lisp[0m
[35m[1mScanning dependencies of target actionlib_msgs_generate_messages_py[0m
[  0%] Built target actionlib_msgs_generate_messages_lisp
[  0%] Built target actionlib_msgs_generate_messages_py
[35m[1mScanning dependencies of target actionlib_msgs_generate_messages_eus[0m
[35m[1mScanning dependencies of target rosgraph_msgs_generate_messages_nodejs[0m
[  0%] Built target rosgraph_msgs_generate_messages_nodejs
[  0%] Built target actionlib_msgs_generate_messages_eus
[35m[1mScanning dependencies of target rosgraph_msgs_generate_messages_py[0m
[35m[1mScanning dependencies of target std_msgs_generate_messages_eus[0m
[  0%] Built target rosgraph_msgs_generate_messages_py
[  0%] Built target std_msgs_generate_messages_eus
[35m[1mScanning dependencies of target rosgraph_msgs_generate_messages_eus[0m
[35m[1mScanning dependencies of target rosgraph_msgs_generate_messages_lisp[0m
[  0%] Built target rosgraph_msgs_generate_messages_eus
[  0%] Built target rosgraph_msgs_generate_messages_lisp
[35m[1mScanning dependencies of target actionlib_msgs_generate_messages_cpp[0m
[35m[1mScanning dependencies of target rosgraph_msgs_generate_messages_cpp[0m
[  0%] Built target actionlib_msgs_generate_messages_cpp
[  0%] Built target rosgraph_msgs_generate_messages_cpp
[35m[1mScanning dependencies of target std_msgs_generate_messages_py[0m
[35m[1mScanning dependencies of target roscpp_generate_messages_py[0m
[  0%] Built target std_msgs_generate_messages_py
[  0%] Built target roscpp_generate_messages_py
[35m[1mScanning dependencies of target geometry_msgs_generate_messages_eus[0m
[35m[1mScanning dependencies of target nav_msgs_generate_messages_py[0m
[  0%] Built target geometry_msgs_generate_messages_eus
[  0%] Built target nav_msgs_generate_messages_py
[35m[1mScanning dependencies of target actionlib_generate_messages_nodejs[0m
[35m[1mScanning dependencies of target actionlib_generate_messages_lisp[0m
[  0%] Built target actionlib_generate_messages_lisp
[  0%] Built target actionlib_generate_messages_nodejs
[35m[1mScanning dependencies of target actionlib_generate_messages_eus[0m
[35m[1mScanning dependencies of target mobile_manipulator_msgs_generate_messages_lisp[0m
[  0%] Built target actionlib_generate_messages_eus
[  0%] Built target mobile_manipulator_msgs_generate_messages_lisp
[35m[1mScanning dependencies of target mobile_manipulator_msgs_generate_messages_eus[0m
[35m[1mScanning dependencies of target actionlib_generate_messages_py[0m
[35m[1mScanning dependencies of target tf2_msgs_generate_messages_nodejs[0m
[  0%] Built target mobile_manipulator_msgs_generate_messages_eus
[  0%] Built target actionlib_generate_messages_py
[  0%] Built target tf2_msgs_generate_messages_nodejs
[35m[1mScanning dependencies of target tf2_msgs_generate_messages_py[0m
[  0%] Built target tf2_msgs_generate_messages_py
[35m[1mScanning dependencies of target tf2_msgs_generate_messages_eus[0m
[35m[1mScanning dependencies of target tf2_msgs_generate_messages_lisp[0m
[  0%] Built target tf2_msgs_generate_messages_eus
[  0%] Built target tf2_msgs_generate_messages_lisp
[35m[1mScanning dependencies of target mob_manipulator_controller[0m
[ 12%] [32mBuilding CXX object CMakeFiles/mob_manipulator_controller.dir/src/Load_model.cpp.o[0m
[ 12%] [32mBuilding CXX object CMakeFiles/mob_manipulator_controller.dir/src/mob_manipulator_controller_node.cpp.o[0m
[ 18%] [32mBuilding CXX object CMakeFiles/mob_manipulator_controller.dir/src/Mob_Manipulator_Controller.cpp.o[0m
[ 25%] [32mBuilding CXX object CMakeFiles/mob_manipulator_controller.dir/src/Stack_Tasks.cpp.o[0m
[01m[K/catkin_ws/src/mob_manipulator_controller/src/Mob_Manipulator_Controller.cpp:[m[K In member function ‘[01m[Kvoid mob_manipulator_controller::MobManipulatorController::spin()[m[K’:
[01m[K/catkin_ws/src/mob_manipulator_controller/src/Mob_Manipulator_Controller.cpp:610:45:[m[K [01;35m[Kwarning: [m[K‘[01m[Kvoid tf2::Matrix3x3::getEulerZYX(tf2Scalar&, tf2Scalar&, tf2Scalar&, unsigned int) const[m[K’ is deprecated [[01;35m[K-Wdeprecated-declarations[m[K]
         rot_mat.getEulerZYX(yaw, pitch, roll[01;35m[K)[m[K;
                                             [01;35m[K^[m[K
In file included from [01m[K/opt/ros/melodic/include/tf2/LinearMath/Transform.h:21:0[m[K,
                 from [01m[K/opt/ros/melodic/include/tf2_geometry_msgs/tf2_geometry_msgs.h:37[m[K,
                 from [01m[K/catkin_ws/src/mob_manipulator_controller/include/mob_manipulator_controller/Mob_Manipulator_Controller.hpp:48[m[K,
                 from [01m[K/catkin_ws/src/mob_manipulator_controller/src/Mob_Manipulator_Controller.cpp:17[m[K:
[01m[K/opt/ros/melodic/include/tf2/LinearMath/Matrix3x3.h:282:35:[m[K [01;36m[Knote: [m[Kdeclared here
  __attribute__((deprecated)) void [01;36m[KgetEulerZYX[m[K(tf2Scalar& yaw, tf2Scalar& pitch, tf2Scalar& roll, unsigned int solution_number = 1) const
                                   [01;36m[K^~~~~~~~~~~[m[K
[01m[K/catkin_ws/src/mob_manipulator_controller/src/Mob_Manipulator_Controller.cpp:621:45:[m[K [01;35m[Kwarning: [m[K‘[01m[Kvoid tf2::Matrix3x3::getEulerZYX(tf2Scalar&, tf2Scalar&, tf2Scalar&, unsigned int) const[m[K’ is deprecated [[01;35m[K-Wdeprecated-declarations[m[K]
         rot_mat.getEulerZYX(yaw, pitch, roll[01;35m[K)[m[K;
                                             [01;35m[K^[m[K
In file included from [01m[K/opt/ros/melodic/include/tf2/LinearMath/Transform.h:21:0[m[K,
                 from [01m[K/opt/ros/melodic/include/tf2_geometry_msgs/tf2_geometry_msgs.h:37[m[K,
                 from [01m[K/catkin_ws/src/mob_manipulator_controller/include/mob_manipulator_controller/Mob_Manipulator_Controller.hpp:48[m[K,
                 from [01m[K/catkin_ws/src/mob_manipulator_controller/src/Mob_Manipulator_Controller.cpp:17[m[K:
[01m[K/opt/ros/melodic/include/tf2/LinearMath/Matrix3x3.h:282:35:[m[K [01;36m[Knote: [m[Kdeclared here
  __attribute__((deprecated)) void [01;36m[KgetEulerZYX[m[K(tf2Scalar& yaw, tf2Scalar& pitch, tf2Scalar& roll, unsigned int solution_number = 1) const
                                   [01;36m[K^~~~~~~~~~~[m[K
[ 31%] [32mBuilding CXX object CMakeFiles/mob_manipulator_controller.dir/src/osc_controller/OSC_Controller.cpp.o[0m
[ 37%] [32mBuilding CXX object CMakeFiles/mob_manipulator_controller.dir/src/osc_controller/Position/Position_Manipulator.cpp.o[0m
[ 43%] [32mBuilding CXX object CMakeFiles/mob_manipulator_controller.dir/src/osc_controller/Position/Position_Mobile_Robot.cpp.o[0m
[ 50%] [32mBuilding CXX object CMakeFiles/mob_manipulator_controller.dir/src/osc_controller/Position/Position_Mob_Manipulator.cpp.o[0m
[ 56%] [32mBuilding CXX object CMakeFiles/mob_manipulator_controller.dir/src/osc_controller/Orientation/Orientation_Manipulator.cpp.o[0m
[ 62%] [32mBuilding CXX object CMakeFiles/mob_manipulator_controller.dir/src/osc_controller/Orientation/Orientation_Mob_Manipulator.cpp.o[0m
[ 68%] [32mBuilding CXX object CMakeFiles/mob_manipulator_controller.dir/src/osc_controller/Orientation/Error_functions.cpp.o[0m
[ 75%] [32mBuilding CXX object CMakeFiles/mob_manipulator_controller.dir/src/osc_controller/Joint_limits/Repulsive_potentials.cpp.o[0m
[ 81%] [32mBuilding CXX object CMakeFiles/mob_manipulator_controller.dir/src/osc_controller/Joint_limits/Intermediate_value.cpp.o[0m
[ 87%] [32mBuilding CXX object CMakeFiles/mob_manipulator_controller.dir/src/osc_controller/Joint_limits/Saturation_joint_space.cpp.o[0m
[ 93%] [32mBuilding CXX object CMakeFiles/mob_manipulator_controller.dir/src/osc_controller/Whole_Body_Control/Admittance_controller.cpp.o[0m
[100%] [32m[1mLinking CXX executable /catkin_ws/devel/.private/mob_manipulator_controller/lib/mob_manipulator_controller/mob_manipulator_controller[0m
[100%] Built target mob_manipulator_controller
