Symlinking /catkin_ws/devel/./setup.zsh
Symlinking /catkin_ws/devel/./local_setup.sh
Symlinking /catkin_ws/devel/./setup.fish
Symlinking /catkin_ws/devel/./local_setup.fish
Symlinking /catkin_ws/devel/./_setup_util.py
Symlinking /catkin_ws/devel/./env.sh
Symlinking /catkin_ws/devel/./local_setup.zsh
Symlinking /catkin_ws/devel/./local_setup.bash
Symlinking /catkin_ws/devel/./setup.sh
Symlinking /catkin_ws/devel/./setup.bash
Symlinking /catkin_ws/devel/etc/catkin/profile.d/05.catkin_make.bash
Symlinking /catkin_ws/devel/etc/catkin/profile.d/05.catkin_make_isolated.bash
Symlinking /catkin_ws/devel/share/catkin/cmake/catkinConfig-version.cmake
Symlinking /catkin_ws/devel/share/catkin/cmake/catkinConfig.cmake
Symlinking /catkin_ws/devel/lib/pkgconfig/catkin.pc
Symlinking /catkin_ws/devel/lib/python2.7/dist-packages/catkin/__init__.py
Symlinking /catkin_ws/devel/bin/catkin_test_results
Symlinking /catkin_ws/devel/bin/catkin_topological_order
Symlinking /catkin_ws/devel/bin/catkin_make_isolated
Symlinking /catkin_ws/devel/bin/catkin_make
Symlinking /catkin_ws/devel/bin/catkin_init_workspace
Symlinking /catkin_ws/devel/bin/catkin_find
